Release 14.7 - xst P.20131013 (lin64)
Copyright (c) 1995-2013 Xilinx, Inc.  All rights reserved.
--> 
Parameter TMPDIR set to xst/projnav.tmp


Total REAL time to Xst completion: 0.00 secs
Total CPU time to Xst completion: 0.03 secs
 
--> 
Parameter xsthdpdir set to xst


Total REAL time to Xst completion: 0.00 secs
Total CPU time to Xst completion: 0.03 secs
 
--> 
Reading design: ALU.prj

TABLE OF CONTENTS
  1) Synthesis Options Summary
  2) HDL Compilation
  3) Design Hierarchy Analysis
  4) HDL Analysis
  5) HDL Synthesis
     5.1) HDL Synthesis Report
  6) Advanced HDL Synthesis
     6.1) Advanced HDL Synthesis Report
  7) Low Level Synthesis
  8) Partition Report
  9) Final Report
	9.1) Device utilization summary
	9.2) Partition Resource Summary
	9.3) TIMING REPORT


=========================================================================
*                      Synthesis Options Summary                        *
=========================================================================
---- Source Parameters
Input File Name                    : "ALU.prj"
Input Format                       : mixed
Ignore Synthesis Constraint File   : NO

---- Target Parameters
Output File Name                   : "ALU"
Output Format                      : NGC
Target Device                      : xc3s50an-5-tqg144

---- Source Options
Top Module Name                    : ALU
Automatic FSM Extraction           : YES
FSM Encoding Algorithm             : Auto
Safe Implementation                : No
FSM Style                          : LUT
RAM Extraction                     : Yes
RAM Style                          : Auto
ROM Extraction                     : Yes
Mux Style                          : Auto
Decoder Extraction                 : YES
Priority Encoder Extraction        : Yes
Shift Register Extraction          : YES
Logical Shifter Extraction         : YES
XOR Collapsing                     : YES
ROM Style                          : Auto
Mux Extraction                     : Yes
Resource Sharing                   : YES
Asynchronous To Synchronous        : NO
Multiplier Style                   : Auto
Automatic Register Balancing       : No

---- Target Options
Add IO Buffers                     : YES
Global Maximum Fanout              : 100000
Add Generic Clock Buffer(BUFG)     : 24
Register Duplication               : YES
Slice Packing                      : YES
Optimize Instantiated Primitives   : NO
Use Clock Enable                   : Yes
Use Synchronous Set                : Yes
Use Synchronous Reset              : Yes
Pack IO Registers into IOBs        : Auto
Equivalent register Removal        : YES

---- General Options
Optimization Goal                  : Speed
Optimization Effort                : 1
Keep Hierarchy                     : No
Netlist Hierarchy                  : As_Optimized
RTL Output                         : Yes
Global Optimization                : AllClockNets
Read Cores                         : YES
Write Timing Constraints           : NO
Cross Clock Analysis               : NO
Hierarchy Separator                : /
Bus Delimiter                      : <>
Case Specifier                     : Maintain
Slice Utilization Ratio            : 100
BRAM Utilization Ratio             : 100
Verilog 2001                       : YES
Auto BRAM Packing                  : NO
Slice Utilization Ratio Delta      : 5

=========================================================================


=========================================================================
*                          HDL Compilation                              *
=========================================================================
Compiling verilog file "MedianFilter3Bit.v" in library work
Compiling verilog file "BinaryTo7Segment.v" in library work
Module <MedianFilter3Bit> compiled
Compiling verilog file "SignDisplay.v" in library work
Module <BinaryTo7Segment> compiled
Compiling verilog file "Shifter.v" in library work
Module <SignDisplay> compiled
Compiling verilog file "Operation1.v" in library work
Module <Shifter> compiled
Compiling verilog file "OneCounter.v" in library work
Module <Operation1> compiled
Compiling verilog file "Multiplier4Bit.v" in library work
Module <OneCounter> compiled
Compiling verilog file "MedianFilter5Bit.v" in library work
Module <Multiplier4Bit> compiled
Compiling verilog file "DisplayController.v" in library work
Module <MedianFilter5Bit> compiled
Compiling verilog file "Adder4Bit.v" in library work
Module <DisplayController> compiled
Compiling verilog file "Operation6.v" in library work
Module <Adder4Bit> compiled
Compiling verilog file "Operation5.v" in library work
Module <Operation6> compiled
Compiling verilog file "Operation4.v" in library work
Module <Operation5> compiled
Compiling verilog file "Operation3.v" in library work
Module <Operation4> compiled
Compiling verilog file "Operation2.v" in library work
Module <Operation3> compiled
Compiling verilog file "Operation0.v" in library work
Module <Operation2> compiled
Compiling verilog file "ALU.v" in library work
Module <Operation0> compiled
Module <ALU> compiled
No errors in compilation
Analysis of file <"ALU.prj"> succeeded.
 

=========================================================================
*                     Design Hierarchy Analysis                         *
=========================================================================
Analyzing hierarchy for module <ALU> in library <work>.

Analyzing hierarchy for module <Operation0> in library <work>.

Analyzing hierarchy for module <Operation1> in library <work>.

Analyzing hierarchy for module <Operation2> in library <work>.

Analyzing hierarchy for module <Operation3> in library <work>.

Analyzing hierarchy for module <Operation4> in library <work>.

Analyzing hierarchy for module <Operation5> in library <work>.

Analyzing hierarchy for module <Operation6> in library <work>.

Analyzing hierarchy for module <DisplayController> in library <work>.

Analyzing hierarchy for module <BinaryTo7Segment> in library <work>.

Analyzing hierarchy for module <SignDisplay> in library <work>.

Analyzing hierarchy for module <Adder4Bit> in library <work>.

Analyzing hierarchy for module <Multiplier4Bit> in library <work>.

Analyzing hierarchy for module <OneCounter> in library <work>.

Analyzing hierarchy for module <Shifter> in library <work>.

Analyzing hierarchy for module <Operation1> in library <work>.

Analyzing hierarchy for module <MedianFilter5Bit> in library <work>.

Analyzing hierarchy for module <BinaryTo7Segment> in library <work>.

Analyzing hierarchy for module <BinaryTo7Segment> in library <work>.

Analyzing hierarchy for module <BinaryTo7Segment> in library <work>.

Analyzing hierarchy for module <BinaryTo7Segment> in library <work>.

Analyzing hierarchy for module <BinaryTo7Segment> in library <work>.

Analyzing hierarchy for module <BinaryTo7Segment> in library <work>.

Analyzing hierarchy for module <MedianFilter3Bit> in library <work>.


=========================================================================
*                            HDL Analysis                               *
=========================================================================
Analyzing top module <ALU>.
Module <ALU> is correct for synthesis.
 
Analyzing module <Operation0> in library <work>.
Module <Operation0> is correct for synthesis.
 
Analyzing module <DisplayController> in library <work>.
Module <DisplayController> is correct for synthesis.
 
Analyzing module <BinaryTo7Segment> in library <work>.
Module <BinaryTo7Segment> is correct for synthesis.
 
Analyzing module <SignDisplay> in library <work>.
Module <SignDisplay> is correct for synthesis.
 
Analyzing module <Operation1> in library <work>.
Module <Operation1> is correct for synthesis.
 
Analyzing module <Operation2> in library <work>.
Module <Operation2> is correct for synthesis.
 
Analyzing module <Adder4Bit> in library <work>.
Module <Adder4Bit> is correct for synthesis.
 
Analyzing module <Operation3> in library <work>.
Module <Operation3> is correct for synthesis.
 
Analyzing module <Multiplier4Bit> in library <work>.
Module <Multiplier4Bit> is correct for synthesis.
 
Analyzing module <Operation4> in library <work>.
Module <Operation4> is correct for synthesis.
 
Analyzing module <OneCounter> in library <work>.
Module <OneCounter> is correct for synthesis.
 
Analyzing module <Operation5> in library <work>.
Module <Operation5> is correct for synthesis.
 
Analyzing module <Shifter> in library <work>.
Module <Shifter> is correct for synthesis.
 
Analyzing module <Operation6> in library <work>.
Module <Operation6> is correct for synthesis.
 
Analyzing module <MedianFilter5Bit> in library <work>.
Module <MedianFilter5Bit> is correct for synthesis.
 
Analyzing module <MedianFilter3Bit> in library <work>.
Module <MedianFilter3Bit> is correct for synthesis.
 

=========================================================================
*                           HDL Synthesis                               *
=========================================================================

Performing bidirectional port resolution...

Synthesizing Unit <BinaryTo7Segment>.
    Related source file is "BinaryTo7Segment.v".
    Found 16x7-bit ROM for signal <display>.
    Summary:
	inferred   1 ROM(s).
Unit <BinaryTo7Segment> synthesized.


Synthesizing Unit <SignDisplay>.
    Related source file is "SignDisplay.v".
Unit <SignDisplay> synthesized.


Synthesizing Unit <Adder4Bit>.
    Related source file is "Adder4Bit.v".
    Found 4-bit adder carry out for signal <out$addsub0001> created at line 34.
    Found 5-bit subtractor for signal <out$share0000>.
    Found 4-bit comparator greatequal for signal <sign$cmp_ge0000> created at line 38.
    Found 4-bit comparator greatequal for signal <sign$cmp_ge0001> created at line 51.
    Summary:
	inferred   2 Adder/Subtractor(s).
	inferred   2 Comparator(s).
Unit <Adder4Bit> synthesized.


Synthesizing Unit <Multiplier4Bit>.
    Related source file is "Multiplier4Bit.v".
    Found 4x4-bit multiplier for signal <out>.
    Found 1-bit xor2 for signal <sign$xor0000> created at line 30.
    Summary:
	inferred   1 Multiplier(s).
Unit <Multiplier4Bit> synthesized.


Synthesizing Unit <OneCounter>.
    Related source file is "OneCounter.v".
WARNING:Xst:646 - Signal <count> is assigned but never used. This unconnected signal will be trimmed during the optimization process.
    Found 3-bit adder for signal <old_count_4$addsub0000> created at line 36.
    Found 3-bit adder for signal <old_count_5$addsub0000> created at line 40.
    Found 3-bit adder for signal <old_count_6$addsub0000> created at line 44.
    Found 3-bit adder for signal <old_count_7$addsub0000> created at line 48.
    Found 3-bit adder for signal <old_count_8$addsub0000> created at line 52.
    Summary:
	inferred   5 Adder/Subtractor(s).
Unit <OneCounter> synthesized.


Synthesizing Unit <Shifter>.
    Related source file is "Shifter.v".
Unit <Shifter> synthesized.


Synthesizing Unit <MedianFilter3Bit>.
    Related source file is "MedianFilter3Bit.v".
    Found 8x1-bit ROM for signal <out>.
    Summary:
	inferred   1 ROM(s).
Unit <MedianFilter3Bit> synthesized.


Synthesizing Unit <Operation1>.
    Related source file is "Operation1.v".
Unit <Operation1> synthesized.


Synthesizing Unit <Operation2>.
    Related source file is "Operation2.v".
WARNING:Xst:1780 - Signal <secondDigit> is never used or assigned. This unconnected signal will be trimmed during the optimization process.
WARNING:Xst:1780 - Signal <firstDigit> is never used or assigned. This unconnected signal will be trimmed during the optimization process.
Unit <Operation2> synthesized.


Synthesizing Unit <Operation3>.
    Related source file is "Operation3.v".
Unit <Operation3> synthesized.


Synthesizing Unit <Operation4>.
    Related source file is "Operation4.v".
    Found 3-bit adder for signal <numOfZeros>.
    Summary:
	inferred   1 Adder/Subtractor(s).
Unit <Operation4> synthesized.


Synthesizing Unit <DisplayController>.
    Related source file is "DisplayController.v".
Unit <DisplayController> synthesized.


Synthesizing Unit <MedianFilter5Bit>.
    Related source file is "MedianFilter5Bit.v".
WARNING:Xst:646 - Signal <dirty4<3>> is assigned but never used. This unconnected signal will be trimmed during the optimization process.
WARNING:Xst:646 - Signal <dirty3<3>> is assigned but never used. This unconnected signal will be trimmed during the optimization process.
WARNING:Xst:646 - Signal <dirty2<3>> is assigned but never used. This unconnected signal will be trimmed during the optimization process.
WARNING:Xst:646 - Signal <dirty1<3>> is assigned but never used. This unconnected signal will be trimmed during the optimization process.
WARNING:Xst:646 - Signal <dirty0<3>> is assigned but never used. This unconnected signal will be trimmed during the optimization process.
Unit <MedianFilter5Bit> synthesized.


Synthesizing Unit <Operation0>.
    Related source file is "Operation0.v".
Unit <Operation0> synthesized.


Synthesizing Unit <Operation5>.
    Related source file is "Operation5.v".
Unit <Operation5> synthesized.


Synthesizing Unit <Operation6>.
    Related source file is "Operation6.v".
Unit <Operation6> synthesized.


Synthesizing Unit <ALU>.
    Related source file is "ALU.v".
Unit <ALU> synthesized.

INFO:Xst:1767 - HDL ADVISOR - Resource sharing has identified that some arithmetic operations in this design can share the same physical resources for reduced device utilization. For improved clock frequency you may try to disable resource sharing.

=========================================================================
HDL Synthesis Report

Macro Statistics
# ROMs                                                 : 36
 16x7-bit ROM                                          : 31
 8x1-bit ROM                                           : 5
# Multipliers                                          : 1
 4x4-bit multiplier                                    : 1
# Adders/Subtractors                                   : 8
 3-bit adder                                           : 6
 4-bit adder carry out                                 : 1
 5-bit subtractor                                      : 1
# Comparators                                          : 2
 4-bit comparator greatequal                           : 2
# Xors                                                 : 1
 1-bit xor2                                            : 1

=========================================================================

=========================================================================
*                       Advanced HDL Synthesis                          *
=========================================================================


=========================================================================
Advanced HDL Synthesis Report

Macro Statistics
# ROMs                                                 : 36
 16x7-bit ROM                                          : 31
 8x1-bit ROM                                           : 5
# Multipliers                                          : 1
 4x4-bit multiplier                                    : 1
# Adders/Subtractors                                   : 8
 3-bit adder                                           : 6
 4-bit adder carry out                                 : 1
 5-bit subtractor                                      : 1
# Comparators                                          : 2
 4-bit comparator greatequal                           : 2
# Xors                                                 : 1
 1-bit xor2                                            : 1

=========================================================================

=========================================================================
*                         Low Level Synthesis                           *
=========================================================================
WARNING:Xst:1989 - Unit <Operation4>: instances <decoder1>, <decoder4> of unit <BinaryTo7Segment> are equivalent, second instance is removed
WARNING:Xst:1989 - Unit <Operation0>: instances <decoder1>, <decoder2> of unit <BinaryTo7Segment> are equivalent, second instance is removed
INFO:Xst:2146 - In block <ALU>, ROM <operation2/decoder2/Mrom_display> <operation3/decoder2/Mrom_display> <operation4/decoder1/Mrom_display> <operation0/decoder1/Mrom_display> are equivalent, XST will keep only <operation2/decoder2/Mrom_display>.

Optimizing unit <ALU> ...

Optimizing unit <Adder4Bit> ...

Optimizing unit <OneCounter> ...

Mapping all equations...
Building and optimizing final netlist ...
Found area constraint ratio of 100 (+ 5) on block ALU, actual ratio is 21.

Final Macro Processing ...

=========================================================================
Final Register Report

Found no macro
=========================================================================

=========================================================================
*                           Partition Report                            *
=========================================================================

Partition Implementation Status
-------------------------------

  No Partitions were found in this design.

-------------------------------

=========================================================================
*                            Final Report                               *
=========================================================================
Final Results
RTL Top Level Output File Name     : ALU.ngr
Top Level Output File Name         : ALU
Output Format                      : NGC
Optimization Goal                  : Speed
Keep Hierarchy                     : No

Design Statistics
# IOs                              : 58

Cell Usage :
# BELS                             : 224
#      GND                         : 1
#      INV                         : 1
#      LUT2                        : 17
#      LUT3                        : 32
#      LUT4                        : 158
#      MUXF5                       : 15
# IO Buffers                       : 58
#      IBUF                        : 16
#      OBUF                        : 42
# MULTs                            : 1
#      MULT18X18SIO                : 1
=========================================================================

Device utilization summary:
---------------------------

Selected Device : 3s50antqg144-5 

 Number of Slices:                      117  out of    704    16%  
 Number of 4 input LUTs:                208  out of   1408    14%  
 Number of IOs:                          58
 Number of bonded IOBs:                  58  out of    108    53%  
 Number of MULT18X18SIOs:                 1  out of      3    33%  

---------------------------
Partition Resource Summary:
---------------------------

  No Partitions were found in this design.

---------------------------


=========================================================================
TIMING REPORT

NOTE: THESE TIMING NUMBERS ARE ONLY A SYNTHESIS ESTIMATE.
      FOR ACCURATE TIMING INFORMATION PLEASE REFER TO THE TRACE REPORT
      GENERATED AFTER PLACE-and-ROUTE.

Clock Information:
------------------
No clock signals found in this design

Asynchronous Control Signals Information:
----------------------------------------
No asynchronous control signals found in this design

Timing Summary:
---------------
Speed Grade: -5

   Minimum period: No path found
   Minimum input arrival time before clock: No path found
   Maximum output required time after clock: No path found
   Maximum combinational path delay: 16.596ns

Timing Detail:
--------------
All values displayed in nanoseconds (ns)

=========================================================================
Timing constraint: Default path analysis
  Total number of paths / destination ports: 4020 / 41
-------------------------------------------------------------------------
Delay:               16.596ns (Levels of Logic = 13)
  Source:            operands<1> (PAD)
  Destination:       display0<3> (PAD)

  Data Path: operands<1> to display0<3>
                                Gate     Net
    Cell:in->out      fanout   Delay   Delay  Logical Name (Net Name)
    ----------------------------------------  ------------
     IBUF:I->O            38   0.824   1.182  operands_1_IBUF (operands_1_IBUF)
     LUT4:I0->O            1   0.561   0.357  operation2/adder/sign_cmp_ge00012 (operation2/adder/sign_cmp_ge00011)
     MUXF5:S->O            2   0.652   0.446  operation2/adder/sign_cmp_ge00011_f5 (operation2/adder/sign_cmp_ge0001)
     LUT4:I1->O            5   0.562   0.604  operation2/adder/out_mux0000<0>11 (operation2/adder/N01)
     LUT3:I1->O            2   0.562   0.382  operation2/adder/Msub_out_share0000_cy<0>11 (operation2/adder/Msub_out_share0000_cy<0>)
     LUT4:I3->O            1   0.561   0.359  operation2/adder/Msub_out_share0000_cy<2>1_SW1 (N105)
     LUT4:I3->O            2   0.561   0.403  operation2/adder/Msub_out_share0000_cy<2>1 (operation2/adder/Msub_out_share0000_cy<2>)
     LUT3:I2->O            2   0.561   0.382  operation2/adder/out<3>_SW0 (N231)
     LUT4:I3->O            6   0.561   0.592  operation2/adder/out<3> (operation2/result<3>)
     LUT4:I2->O            1   0.561   0.380  display0<3>347 (display0<3>347)
     LUT4:I2->O            1   0.561   0.000  display0<3>385_G (N160)
     MUXF5:I1->O           1   0.229   0.357  display0<3>385 (display0_3_OBUF)
     OBUF:I->O                 4.396          display0_3_OBUF (display0<3>)
    ----------------------------------------
    Total                     16.596ns (11.152ns logic, 5.444ns route)
                                       (67.2% logic, 32.8% route)

=========================================================================


Total REAL time to Xst completion: 4.00 secs
Total CPU time to Xst completion: 4.08 secs
 
--> 


Total memory usage is 529620 kilobytes

Number of errors   :    0 (   0 filtered)
Number of warnings :   17 (   0 filtered)
Number of infos    :    2 (   0 filtered)

